::1 - - [10/Nov/2023:01:56:43 +0000] "POST /pool/getnflmatches HTTP/1.1" 404 158 "-" "PostmanRuntime/7.34.0"
::1 - - [10/Nov/2023:01:56:55 +0000] "GET /pool/getnflmatches HTTP/1.1" 404 157 "-" "PostmanRuntime/7.34.0"
::1 - - [10/Nov/2023:01:57:12 +0000] "GET /pool/getnflmatches HTTP/1.1" 404 157 "-" "PostmanRuntime/7.34.0"
::1 - - [10/Nov/2023:02:18:04 +0000] "POST /api/pool/getnflmatches HTTP/1.1" 200 2 "-" "PostmanRuntime/7.34.0"
::1 - - [10/Nov/2023:02:21:43 +0000] "POST /api/pool/getnflmatches HTTP/1.1" 200 2 "-" "PostmanRuntime/7.34.0"
::1 - - [10/Nov/2023:02:22:27 +0000] "POST /api/pool/getnflmatches HTTP/1.1" 200 15326 "-" "PostmanRuntime/7.34.0"
::1 - - [13/Nov/2023:01:16:17 +0000] "POST /api/pool/betPoolNFL HTTP/1.1" 500 33 "-" "PostmanRuntime/7.34.0"
::1 - - [13/Nov/2023:01:17:19 +0000] "POST /api/pool/betPoolNFL HTTP/1.1" 201 37 "-" "PostmanRuntime/7.34.0"
::1 - - [13/Nov/2023:01:19:03 +0000] "POST /api/pool/betPoolNFL HTTP/1.1" 201 37 "-" "PostmanRuntime/7.34.0"
::1 - - [13/Nov/2023:01:19:35 +0000] "POST /api/pool/betPoolNFL HTTP/1.1" 201 37 "-" "PostmanRuntime/7.34.0"
::1 - - [13/Nov/2023:01:22:09 +0000] "POST /api/pool/betPoolNFL HTTP/1.1" 201 37 "-" "PostmanRuntime/7.34.0"
::1 - - [13/Nov/2023:01:22:20 +0000] "POST /api/pool/betPoolNFL HTTP/1.1" 201 37 "-" "PostmanRuntime/7.34.0"
::1 - - [13/Nov/2023:01:22:51 +0000] "POST /api/pool/betPoolNFL HTTP/1.1" 201 37 "-" "PostmanRuntime/7.34.0"
::1 - - [13/Nov/2023:01:23:37 +0000] "POST /api/pool/betPoolNFL HTTP/1.1" 201 37 "-" "PostmanRuntime/7.34.0"
::1 - - [13/Nov/2023:01:31:11 +0000] "POST /api/users/login HTTP/1.1" 200 827 "-" "PostmanRuntime/7.34.0"
::1 - - [13/Nov/2023:01:31:31 +0000] "POST /api/users/getUserDetail HTTP/1.1" 200 624 "-" "PostmanRuntime/7.34.0"
::1 - - [13/Nov/2023:01:33:47 +0000] "POST /api/pool/betPoolNFL HTTP/1.1" 201 37 "-" "PostmanRuntime/7.34.0"
::1 - - [13/Nov/2023:01:44:12 +0000] "POST /api/pool/betPoolNFL HTTP/1.1" 201 37 "-" "PostmanRuntime/7.34.0"
::1 - - [13/Nov/2023:01:44:58 +0000] "POST /api/pool/betPoolNFL HTTP/1.1" 201 37 "-" "PostmanRuntime/7.34.0"
::1 - - [13/Nov/2023:01:45:17 +0000] "POST /api/pool/betPoolNFL HTTP/1.1" 201 37 "-" "PostmanRuntime/7.34.0"
::1 - - [13/Nov/2023:01:46:23 +0000] "POST /api/pool/betPoolNFL HTTP/1.1" 201 37 "-" "PostmanRuntime/7.34.0"
::1 - - [13/Nov/2023:01:47:53 +0000] "POST /api/pool/betPoolNFL HTTP/1.1" 500 33 "-" "PostmanRuntime/7.34.0"
::1 - - [13/Nov/2023:01:48:04 +0000] "POST /api/pool/betPoolNFL HTTP/1.1" 500 33 "-" "PostmanRuntime/7.34.0"
::1 - - [13/Nov/2023:01:48:25 +0000] "POST /api/pool/betPoolNFL HTTP/1.1" 500 33 "-" "PostmanRuntime/7.34.0"
::1 - - [13/Nov/2023:01:49:58 +0000] "POST /api/pool/betPoolNFL HTTP/1.1" 500 33 "-" "PostmanRuntime/7.34.0"
::1 - - [13/Nov/2023:01:52:01 +0000] "POST /api/pool/betPoolNFL HTTP/1.1" 500 33 "-" "PostmanRuntime/7.34.0"
::1 - - [13/Nov/2023:01:52:58 +0000] "POST /api/pool/betPoolNFL HTTP/1.1" 500 33 "-" "PostmanRuntime/7.34.0"
::1 - - [13/Nov/2023:01:55:37 +0000] "POST /api/pool/betPoolNFL HTTP/1.1" 500 33 "-" "PostmanRuntime/7.34.0"
::1 - - [13/Nov/2023:01:56:02 +0000] "POST /api/pool/betPoolNFL HTTP/1.1" 500 33 "-" "PostmanRuntime/7.34.0"
::1 - - [13/Nov/2023:01:56:37 +0000] "POST /api/pool/betPoolNFL HTTP/1.1" 500 33 "-" "PostmanRuntime/7.34.0"
::1 - - [13/Nov/2023:01:57:05 +0000] "POST /api/pool/getnflmatches HTTP/1.1" 401 40 "-" "PostmanRuntime/7.34.0"
::1 - - [13/Nov/2023:01:57:27 +0000] "POST /api/pool/getnflmatches HTTP/1.1" 500 53 "-" "PostmanRuntime/7.34.0"
::1 - - [13/Nov/2023:01:58:35 +0000] "POST /api/pool/betPoolNFL HTTP/1.1" 500 33 "-" "PostmanRuntime/7.34.0"
::1 - - [13/Nov/2023:01:59:14 +0000] "POST /api/pool/betPoolNFL HTTP/1.1" 500 33 "-" "PostmanRuntime/7.34.0"
::1 - - [13/Nov/2023:02:00:11 +0000] "POST /api/pool/betPoolNFL HTTP/1.1" 500 33 "-" "PostmanRuntime/7.34.0"
::1 - - [13/Nov/2023:02:02:41 +0000] "POST /api/pool/betPoolNFL HTTP/1.1" 500 33 "-" "PostmanRuntime/7.34.0"
::1 - - [13/Nov/2023:02:04:34 +0000] "POST /api/pool/betPoolNFL HTTP/1.1" 500 33 "-" "PostmanRuntime/7.34.0"
::1 - - [13/Nov/2023:02:11:54 +0000] "POST /api/pool/betPoolNFL HTTP/1.1" 500 33 "-" "PostmanRuntime/7.34.0"
::1 - - [13/Nov/2023:02:12:11 +0000] "POST /api/pool/betPoolNFL HTTP/1.1" 500 33 "-" "PostmanRuntime/7.34.0"
::1 - - [13/Nov/2023:02:12:53 +0000] "POST /api/pool/betPoolNFL HTTP/1.1" 500 33 "-" "PostmanRuntime/7.34.0"
::1 - - [13/Nov/2023:02:13:08 +0000] "POST /api/pool/betPoolNFL HTTP/1.1" 500 33 "-" "PostmanRuntime/7.34.0"
::1 - - [13/Nov/2023:02:13:25 +0000] "POST /api/pool/betPoolNFL HTTP/1.1" 500 33 "-" "PostmanRuntime/7.34.0"
::1 - - [13/Nov/2023:02:14:35 +0000] "POST /api/pool/betPoolNFL HTTP/1.1" 500 33 "-" "PostmanRuntime/7.34.0"
::1 - - [13/Nov/2023:02:16:01 +0000] "POST /api/pool/betPoolNFL HTTP/1.1" 201 37 "-" "PostmanRuntime/7.34.0"
::1 - - [13/Nov/2023:20:44:19 +0000] "POST /api/pool/getmatchlist HTTP/1.1" 400 28 "-" "PostmanRuntime/7.34.0"
::1 - - [13/Nov/2023:20:44:57 +0000] "POST /api/pool/getmatchlist HTTP/1.1" 400 28 "-" "PostmanRuntime/7.34.0"
::1 - - [13/Nov/2023:20:47:08 +0000] "POST /api/pool/getmatchlist HTTP/1.1" 400 28 "-" "PostmanRuntime/7.34.0"
::1 - - [13/Nov/2023:20:51:05 +0000] "POST /api/pool/getmatchlist HTTP/1.1" 400 53 "-" "PostmanRuntime/7.34.0"
::1 - - [13/Nov/2023:21:18:24 +0000] "POST /api/pool/getmatchlist HTTP/1.1" 400 28 "-" "PostmanRuntime/7.34.0"
::1 - - [13/Nov/2023:21:52:01 +0000] "POST /api/pool/getmatchlist HTTP/1.1" 400 28 "-" "PostmanRuntime/7.34.0"
::1 - - [13/Nov/2023:22:00:31 +0000] "POST /api/pool/getmatchlist HTTP/1.1" 400 28 "-" "PostmanRuntime/7.34.0"
::1 - - [13/Nov/2023:22:01:05 +0000] "POST /api/pool/getmatchlist HTTP/1.1" 400 28 "-" "PostmanRuntime/7.34.0"
::1 - - [13/Nov/2023:22:03:39 +0000] "POST /api/pool/getmatchlist HTTP/1.1" 400 53 "-" "PostmanRuntime/7.34.0"
::1 - - [14/Nov/2023:00:26:24 +0000] "POST /api/pool/getmatchlist HTTP/1.1" 200 768 "-" "PostmanRuntime/7.34.0"
::1 - - [14/Nov/2023:00:31:07 +0000] "POST /api/pool/betPool HTTP/1.1" 404 156 "-" "PostmanRuntime/7.34.0"
::1 - - [14/Nov/2023:00:31:33 +0000] "POST /api/pool/betPool HTTP/1.1" 400 28 "-" "PostmanRuntime/7.34.0"
::1 - - [14/Nov/2023:00:31:43 +0000] "POST /api/pool/betPool HTTP/1.1" 400 28 "-" "PostmanRuntime/7.34.0"
::1 - - [14/Nov/2023:00:33:12 +0000] "POST /api/pool/betPool HTTP/1.1" 500 33 "-" "PostmanRuntime/7.34.0"
::1 - - [14/Nov/2023:00:34:14 +0000] "POST /api/pool/betPool HTTP/1.1" 500 33 "-" "PostmanRuntime/7.34.0"
::1 - - [14/Nov/2023:00:39:24 +0000] "POST /api/pool/betPool HTTP/1.1" 500 33 "-" "PostmanRuntime/7.34.0"
::1 - - [14/Nov/2023:00:40:10 +0000] "POST /api/pool/betPool HTTP/1.1" - - "-" "PostmanRuntime/7.34.0"
::1 - - [14/Nov/2023:00:40:58 +0000] "POST /api/pool/betPool HTTP/1.1" 500 33 "-" "PostmanRuntime/7.34.0"
::1 - - [14/Nov/2023:00:43:30 +0000] "POST /api/pool/betPool HTTP/1.1" 400 30 "-" "PostmanRuntime/7.34.0"
::1 - - [14/Nov/2023:00:45:25 +0000] "POST /api/pool/betPool HTTP/1.1" 400 30 "-" "PostmanRuntime/7.34.0"
::1 - - [14/Nov/2023:00:46:12 +0000] "POST /api/pool/betPool HTTP/1.1" 400 30 "-" "PostmanRuntime/7.34.0"
::1 - - [14/Nov/2023:00:46:56 +0000] "POST /api/pool/betPool HTTP/1.1" 400 42 "-" "PostmanRuntime/7.34.0"
::1 - - [14/Nov/2023:00:49:09 +0000] "POST /api/pool/betPool HTTP/1.1" 500 33 "-" "PostmanRuntime/7.34.0"
::1 - - [14/Nov/2023:00:51:01 +0000] "POST /api/pool/betPool HTTP/1.1" 400 30 "-" "PostmanRuntime/7.34.0"
::1 - - [14/Nov/2023:00:53:09 +0000] "POST /api/pool/betPool HTTP/1.1" 500 33 "-" "PostmanRuntime/7.34.0"
::1 - - [14/Nov/2023:00:54:49 +0000] "POST /api/pool/betPool HTTP/1.1" 400 35 "-" "PostmanRuntime/7.34.0"
::1 - - [14/Nov/2023:01:10:13 +0000] "POST /api/pool/betPool HTTP/1.1" 400 35 "-" "PostmanRuntime/7.34.0"
::1 - - [14/Nov/2023:01:13:19 +0000] "POST /api/pool/betPool HTTP/1.1" 400 30 "-" "PostmanRuntime/7.34.0"
::1 - - [14/Nov/2023:01:14:21 +0000] "POST /api/pool/betPool HTTP/1.1" 400 30 "-" "PostmanRuntime/7.34.0"
::1 - - [14/Nov/2023:01:15:07 +0000] "POST /api/pool/betPool HTTP/1.1" 400 30 "-" "PostmanRuntime/7.34.0"
::1 - - [14/Nov/2023:01:18:28 +0000] "POST /api/pool/betPool HTTP/1.1" 400 30 "-" "PostmanRuntime/7.34.0"
::1 - - [14/Nov/2023:01:18:51 +0000] "POST /api/pool/betPool HTTP/1.1" 400 35 "-" "PostmanRuntime/7.34.0"
::1 - - [14/Nov/2023:01:21:16 +0000] "POST /api/pool/betPool HTTP/1.1" 400 35 "-" "PostmanRuntime/7.34.0"
::1 - - [14/Nov/2023:01:24:44 +0000] "POST /api/pool/betPool HTTP/1.1" 500 33 "-" "PostmanRuntime/7.34.0"
::1 - - [14/Nov/2023:01:37:04 +0000] "POST /api/pool/betPool HTTP/1.1" 401 28 "-" "PostmanRuntime/7.34.0"
::1 - - [14/Nov/2023:01:37:15 +0000] "POST /api/users/login HTTP/1.1" 200 826 "-" "PostmanRuntime/7.34.0"
::1 - - [14/Nov/2023:01:37:48 +0000] "POST /api/pool/betPool HTTP/1.1" 400 30 "-" "PostmanRuntime/7.34.0"
::1 - - [14/Nov/2023:01:39:53 +0000] "POST /api/pool/betPool HTTP/1.1" 500 2169 "-" "PostmanRuntime/7.34.0"
::1 - - [14/Nov/2023:01:44:01 +0000] "POST /api/pool/betPool HTTP/1.1" 200 2158 "-" "PostmanRuntime/7.34.0"
::1 - - [15/Nov/2023:02:14:17 +0000] "POST /api/pool/getmatchlist HTTP/1.1" 401 28 "-" "PostmanRuntime/7.34.0"
::1 - - [15/Nov/2023:02:14:26 +0000] "POST /api/users/login HTTP/1.1" 200 826 "-" "PostmanRuntime/7.34.0"
::1 - - [15/Nov/2023:02:14:43 +0000] "POST /api/pool/getmatchlist HTTP/1.1" 200 4335 "-" "PostmanRuntime/7.34.0"
::1 - - [15/Nov/2023:02:15:26 +0000] "POST /api/pool/getBetRes HTTP/1.1" 400 31 "-" "PostmanRuntime/7.34.0"
::1 - - [15/Nov/2023:02:17:46 +0000] "POST /api/pool/getBetRes HTTP/1.1" 400 31 "-" "PostmanRuntime/7.34.0"
::1 - - [15/Nov/2023:02:25:19 +0000] "POST /api/pool/getBetRes HTTP/1.1" 400 29 "-" "PostmanRuntime/7.34.0"
::1 - - [15/Nov/2023:14:19:35 +0000] "POST /api/pool/getBetRes HTTP/1.1" 400 29 "-" "PostmanRuntime/7.34.0"
::1 - - [15/Nov/2023:14:34:06 +0000] "POST /api/pool/getBetRes HTTP/1.1" 400 31 "-" "PostmanRuntime/7.34.0"
::1 - - [15/Nov/2023:14:39:32 +0000] "POST /api/pool/checkpoolbet HTTP/1.1" 200 308 "-" "PostmanRuntime/7.34.0"
::1 - - [15/Nov/2023:14:40:47 +0000] "POST /api/pool/checkpoolbet HTTP/1.1" 400 34 "-" "PostmanRuntime/7.34.0"
::1 - - [15/Nov/2023:14:45:21 +0000] "POST /api/pool/checkpoolbet HTTP/1.1" 200 308 "-" "PostmanRuntime/7.34.0"
::1 - - [15/Nov/2023:16:16:30 +0000] "POST /api/pool/checkpoolbet HTTP/1.1" 200 264 "-" "PostmanRuntime/7.34.0"
::1 - - [15/Nov/2023:16:29:24 +0000] "POST /api/pool/betPool HTTP/1.1" 400 42 "-" "PostmanRuntime/7.34.0"
::1 - - [15/Nov/2023:16:43:12 +0000] "POST /api/pool/getmatchlist HTTP/1.1" 500 24 "-" "PostmanRuntime/7.34.0"
::1 - - [15/Nov/2023:16:43:51 +0000] "POST /api/pool/getmatchlist HTTP/1.1" 200 6701 "-" "PostmanRuntime/7.34.0"
::1 - - [15/Nov/2023:17:01:01 +0000] "POST /api/pool/getmatchlist HTTP/1.1" 200 6701 "-" "PostmanRuntime/7.34.0"
::1 - - [15/Nov/2023:17:36:50 +0000] "POST /api/pool/getBetRes HTTP/1.1" 400 31 "-" "PostmanRuntime/7.34.0"
::1 - - [15/Nov/2023:17:37:34 +0000] "POST /api/pool/betPool HTTP/1.1" 500 33 "-" "PostmanRuntime/7.34.0"
::1 - - [15/Nov/2023:17:38:39 +0000] "POST /api/pool/betPool HTTP/1.1" 400 30 "-" "PostmanRuntime/7.34.0"
::1 - - [15/Nov/2023:17:39:26 +0000] "POST /api/pool/betPool HTTP/1.1" 200 2156 "-" "PostmanRuntime/7.34.0"
::1 - - [15/Nov/2023:17:45:31 +0000] "POST /api/pool/getmatchlist HTTP/1.1" 200 6701 "-" "PostmanRuntime/7.34.0"
::1 - - [15/Nov/2023:17:46:15 +0000] "POST /api/pool/betPool HTTP/1.1" 200 2154 "-" "PostmanRuntime/7.34.0"
::1 - - [15/Nov/2023:17:49:41 +0000] "POST /api/users/login HTTP/1.1" 200 826 "-" "PostmanRuntime/7.34.0"
::1 - - [15/Nov/2023:17:52:22 +0000] "POST /api/pool/betPool HTTP/1.1" 200 2158 "-" "PostmanRuntime/7.34.0"
::1 - - [15/Nov/2023:17:52:53 +0000] "POST /api/pool/betPool HTTP/1.1" 200 2157 "-" "PostmanRuntime/7.34.0"
::1 - - [15/Nov/2023:17:55:04 +0000] "POST /api/pool/betPool HTTP/1.1" 400 30 "-" "PostmanRuntime/7.34.0"
::1 - - [15/Nov/2023:17:57:19 +0000] "POST /api/pool/betPool HTTP/1.1" 200 2154 "-" "PostmanRuntime/7.34.0"
::1 - - [15/Nov/2023:18:00:28 +0000] "POST /api/pool/checkpoolbet HTTP/1.1" 200 579 "-" "PostmanRuntime/7.34.0"
::1 - - [15/Nov/2023:18:06:21 +0000] "POST /api/pool/checkpoolbet HTTP/1.1" 400 34 "-" "PostmanRuntime/7.34.0"
::1 - - [15/Nov/2023:18:10:25 +0000] "POST /api/pool/checkpoolbet HTTP/1.1" 200 579 "-" "PostmanRuntime/7.34.0"
::1 - - [15/Nov/2023:18:12:47 +0000] "POST /api/pool/checkpoolbet HTTP/1.1" 200 579 "-" "PostmanRuntime/7.34.0"
::1 - - [15/Nov/2023:18:13:39 +0000] "POST /api/pool/checkpoolbet HTTP/1.1" 200 579 "-" "PostmanRuntime/7.34.0"
::1 - - [15/Nov/2023:18:17:48 +0000] "POST /api/pool/checkpoolbet HTTP/1.1" 200 580 "-" "PostmanRuntime/7.34.0"
::1 - - [15/Nov/2023:18:25:24 +0000] "POST /api/pool/checkpoolbet HTTP/1.1" 200 580 "-" "PostmanRuntime/7.34.0"
::1 - - [15/Nov/2023:18:27:31 +0000] "POST /api/users/login HTTP/1.1" 200 826 "-" "PostmanRuntime/7.34.0"
::1 - - [15/Nov/2023:18:27:46 +0000] "POST /api/pool/checkpoolbet HTTP/1.1" 200 580 "-" "PostmanRuntime/7.34.0"
::1 - - [15/Nov/2023:18:42:49 +0000] "POST /api/users/login HTTP/1.1" 200 827 "-" "PostmanRuntime/7.34.0"
::1 - - [15/Nov/2023:18:43:23 +0000] "POST /api/pool/checkpoolbet HTTP/1.1" 200 649 "-" "PostmanRuntime/7.34.0"
::1 - - [15/Nov/2023:18:45:22 +0000] "POST /api/users/login HTTP/1.1" 200 827 "-" "PostmanRuntime/7.34.0"
::1 - - [15/Nov/2023:18:47:05 +0000] "POST /api/pool/getBetRes HTTP/1.1" 200 129 "-" "PostmanRuntime/7.34.0"
